2020-03-09 17:43:32.290  INFO 9626 --- [nio-8789-exec-3] c.p.a.interceptor.CostInterceptor        : [URL]: dev.putaoabc.net.cn/course_v2/activityCenter/admission/checkAdmissionWithTip?uuid=10.10.38.141&putaoid=738751&sign=75692747d6065c2d121ae90c3844b4e5&ts=1583747012283&from=weixin&putaoId=738751&token=72b3a4a632&source=822&sourceToken=xwPdQ0U6&classId=148&tId=&
Hibernate: select periodscla0_.class_id as class_id1_32_0_, periodscla0_.activity_id as activity2_32_0_, periodscla0_.activity_type as activity3_32_0_, periodscla0_.camp_id as camp_id4_32_0_, periodscla0_.class_code_url as class_co5_32_0_, periodscla0_.class_name as class_na6_32_0_, periodscla0_.class_status as class_st7_32_0_, periodscla0_.course_type as course_t8_32_0_, periodscla0_.course_type_details as course_t9_32_0_, periodscla0_.create_time as create_10_32_0_, periodscla0_.device as device11_32_0_, periodscla0_.grade as grade12_32_0_, periodscla0_.opening_date as opening13_32_0_, periodscla0_.periods as periods14_32_0_, periodscla0_.periods_describe as periods15_32_0_, periodscla0_.periods_type as periods16_32_0_, periodscla0_.pred_num as pred_nu17_32_0_, periodscla0_.school_id as school_18_32_0_, periodscla0_.school_name as school_19_32_0_, periodscla0_.st_name as st_name20_32_0_, periodscla0_.teacher_id as teacher21_32_0_, periodscla0_.teacher_wx_num as teacher22_32_0_, periodscla0_.update_code_num as update_23_32_0_, periodscla0_.update_code_type as update_24_32_0_, periodscla0_.update_time as update_25_32_0_ from periods_class_info periodscla0_ where periodscla0_.class_id=?
2020-03-09 17:43:32.291 TRACE 9626 --- [nio-8789-exec-3] o.h.type.descriptor.sql.BasicBinder      : binding parameter [1] as [INTEGER] - [148]
Hibernate: select activityin0_.activity_id as activity1_7_0_, activityin0_.acti_msg_fixed as acti_msg2_7_0_, activityin0_.acti_msg_sms_record as acti_msg3_7_0_, activityin0_.acti_msg_wx_template_record as acti_msg4_7_0_, activityin0_.activity_name as activity5_7_0_, activityin0_.activity_type as activity6_7_0_, activityin0_.activity_url as activity7_7_0_, activityin0_.cash_condition as cash_con8_7_0_, activityin0_.conditions as conditio9_7_0_, activityin0_.create_by as create_10_7_0_, activityin0_.create_time as create_11_7_0_, activityin0_.goods_price as goods_p12_7_0_, activityin0_.if_renew as if_rene13_7_0_, activityin0_.if_return_cash as if_retu14_7_0_, activityin0_.package_id as package15_7_0_, activityin0_.package_name as package16_7_0_, activityin0_.package_type as package17_7_0_, activityin0_.personal_type as persona18_7_0_, activityin0_.prompt_info as prompt_19_7_0_, activityin0_.supple_id as supple_20_7_0_, activityin0_.unit as unit21_7_0_, activityin0_.update_by as update_22_7_0_, activityin0_.update_time as update_23_7_0_ from activity_info activityin0_ where activityin0_.activity_id=?
2020-03-09 17:43:32.292 TRACE 9626 --- [nio-8789-exec-3] o.h.type.descriptor.sql.BasicBinder      : binding parameter [1] as [INTEGER] - [126]
2020-03-09 17:43:32.293  INFO 9626 --- [nio-8789-exec-3] c.p.a.service.ActivityAdmissionService   : {"conditions":{"condition_forbid":[[{"leftoperator":"ifForbidOther","predicate":"eq","rightoperator":0}]],"condition_course":[[{"leftoperator":"mainCourse","predicate":"eq","rightoperator":0},{"leftoperator":"experienceCourse","predicate":"eq","rightoperator":0},{"leftoperator":"specialCourse","predicate":"eq","rightoperator":0}]],"condition_source":[[{"leftoperator":"isNew","predicate":"eq","rightoperator":1}],[{"leftoperator":"sameSource","predicate":"eq","rightoperator":1}]]}}
2020-03-09 17:43:32.293  INFO 9626 --- [nio-8789-exec-3] c.p.a.service.ActivityAdmissionService   : conditions_sub[[{"leftoperator":"mainCourse","predicate":"eq","rightoperator":0},{"leftoperator":"experienceCourse","predicate":"eq","rightoperator":0},{"leftoperator":"specialCourse","predicate":"eq","rightoperator":0}]]
2020-03-09 17:43:32.293  INFO 9626 --- [nio-8789-exec-3] c.p.a.service.ActivityAdmissionService   : 3
Hibernate: select experience0_.id as id1_21_, experience0_.create_time as create_t2_21_, experience0_.end_time as end_time3_21_, experience0_.level as level4_21_, experience0_.putao_id as putao_id5_21_, experience0_.type as type6_21_, experience0_.unit as unit7_21_ from experience_camp_activity_record experience0_ where experience0_.putao_id=? and (experience0_.unit in (? , ? , ? , ?))
2020-03-09 17:43:32.295 TRACE 9626 --- [nio-8789-exec-3] o.h.type.descriptor.sql.BasicBinder      : binding parameter [1] as [INTEGER] - [738751]
2020-03-09 17:43:32.295 TRACE 9626 --- [nio-8789-exec-3] o.h.type.descriptor.sql.BasicBinder      : binding parameter [2] as [INTEGER] - [23]
2020-03-09 17:43:32.295 TRACE 9626 --- [nio-8789-exec-3] o.h.type.descriptor.sql.BasicBinder      : binding parameter [3] as [INTEGER] - [15]
2020-03-09 17:43:32.295 TRACE 9626 --- [nio-8789-exec-3] o.h.type.descriptor.sql.BasicBinder      : binding parameter [4] as [INTEGER] - [16]
2020-03-09 17:43:32.295 TRACE 9626 --- [nio-8789-exec-3] o.h.type.descriptor.sql.BasicBinder      : binding parameter [5] as [INTEGER] - [22]
2020-03-09 17:43:32.296  INFO 9626 --- [nio-8789-exec-3] c.p.a.service.ActivityAdmissionService   : judgeExperienceCamp  putaoId:738751  records[]
Hibernate: select experience0_.id as id1_21_, experience0_.create_time as create_t2_21_, experience0_.end_time as end_time3_21_, experience0_.level as level4_21_, experience0_.putao_id as putao_id5_21_, experience0_.type as type6_21_, experience0_.unit as unit7_21_ from experience_camp_activity_record experience0_ where experience0_.putao_id=? and (experience0_.unit in (? , ? , ? , ?))
2020-03-09 17:43:32.296 TRACE 9626 --- [nio-8789-exec-3] o.h.type.descriptor.sql.BasicBinder      : binding parameter [1] as [INTEGER] - [738751]
2020-03-09 17:43:32.296 TRACE 9626 --- [nio-8789-exec-3] o.h.type.descriptor.sql.BasicBinder      : binding parameter [2] as [INTEGER] - [21]
2020-03-09 17:43:32.296 TRACE 9626 --- [nio-8789-exec-3] o.h.type.descriptor.sql.BasicBinder      : binding parameter [3] as [INTEGER] - [12]
2020-03-09 17:43:32.296 TRACE 9626 --- [nio-8789-exec-3] o.h.type.descriptor.sql.BasicBinder      : binding parameter [4] as [INTEGER] - [13]
2020-03-09 17:43:32.296 TRACE 9626 --- [nio-8789-exec-3] o.h.type.descriptor.sql.BasicBinder      : binding parameter [5] as [INTEGER] - [11]
2020-03-09 17:43:32.298  INFO 9626 --- [nio-8789-exec-3] c.p.a.service.ActivityAdmissionService   : judgeSpecialCamp  putaoId:738751  records[]
2020-03-09 17:43:32.298  INFO 9626 --- [nio-8789-exec-3] c.p.a.util.ActivityAdmissionUtil         : stack =>[0==0, &&, 0==0, &&, 0==0]
2020-03-09 17:43:32.298  INFO 9626 --- [nio-8789-exec-3] c.p.a.util.ActivityAdmissionUtil         : stack =>[true]
2020-03-09 17:43:32.298  INFO 9626 --- [nio-8789-exec-3] c.p.a.service.ActivityAdmissionService   : subResult =>true
2020-03-09 17:43:32.298  INFO 9626 --- [nio-8789-exec-3] c.p.a.service.ActivityAdmissionService   : conditions_sub[[{"leftoperator":"isNew","predicate":"eq","rightoperator":1}],[{"leftoperator":"sameSource","predicate":"eq","rightoperator":1}]]
2020-03-09 17:43:32.298  INFO 9626 --- [nio-8789-exec-3] c.p.a.service.ActivityAdmissionService   : 1
2020-03-09 17:43:32.300  INFO 9626 --- [nio-8789-exec-3] c.p.a.util.ActivityAdmissionUtil         : stack =>[1==1]
2020-03-09 17:43:32.300  INFO 9626 --- [nio-8789-exec-3] c.p.a.service.ActivityAdmissionService   : 1
Hibernate: select channelinf0_.id as id1_16_, channelinf0_.activity_id as activity2_16_, channelinf0_.activity_rule as activity3_16_, channelinf0_.camp_id as camp_id4_16_, channelinf0_.channel as channel5_16_, channelinf0_.channel_classify as channel_6_16_, channelinf0_.channel_instruction as channel_7_16_, channelinf0_.channel_level as channel_8_16_, channelinf0_.channel_type as channel_9_16_, channelinf0_.channel_url as channel10_16_, channelinf0_.class_id as class_i11_16_, channelinf0_.delay_type as delay_t12_16_, channelinf0_.first_echeon as first_e13_16_, channelinf0_.five_echeon as five_ec14_16_, channelinf0_.fourth_echeon as fourth_15_16_, channelinf0_.group_id as group_i16_16_, channelinf0_.if_own as if_own17_16_, channelinf0_.if_statistics as if_stat18_16_, channelinf0_.new_sale as new_sal19_16_, channelinf0_.old_sale as old_sal20_16_, channelinf0_.producer_shop_id as produce21_16_, channelinf0_.qrcode_id as qrcode_22_16_, channelinf0_.second_echeon as second_23_16_, channelinf0_.shop_id as shop_id24_16_, channelinf0_.source as source25_16_, channelinf0_.statistics_date as statist26_16_, channelinf0_.statistics_type as statist27_16_, channelinf0_.status as status28_16_, channelinf0_.subdivide_channel as subdivi29_16_, channelinf0_.third_echeon as third_e30_16_, channelinf0_.third_product_group as third_p31_16_, channelinf0_.url_type as url_typ32_16_, channelinf0_.user_name as user_na33_16_ from channel_info channelinf0_ where channelinf0_.source=? limit ?
2020-03-09 17:43:32.301 TRACE 9626 --- [nio-8789-exec-3] o.h.type.descriptor.sql.BasicBinder      : binding parameter [1] as [INTEGER] - [822]
Hibernate: select channelinf0_.id as id1_16_, channelinf0_.activity_id as activity2_16_, channelinf0_.activity_rule as activity3_16_, channelinf0_.camp_id as camp_id4_16_, channelinf0_.channel as channel5_16_, channelinf0_.channel_classify as channel_6_16_, channelinf0_.channel_instruction as channel_7_16_, channelinf0_.channel_level as channel_8_16_, channelinf0_.channel_type as channel_9_16_, channelinf0_.channel_url as channel10_16_, channelinf0_.class_id as class_i11_16_, channelinf0_.delay_type as delay_t12_16_, channelinf0_.first_echeon as first_e13_16_, channelinf0_.five_echeon as five_ec14_16_, channelinf0_.fourth_echeon as fourth_15_16_, channelinf0_.group_id as group_i16_16_, channelinf0_.if_own as if_own17_16_, channelinf0_.if_statistics as if_stat18_16_, channelinf0_.new_sale as new_sal19_16_, channelinf0_.old_sale as old_sal20_16_, channelinf0_.producer_shop_id as produce21_16_, channelinf0_.qrcode_id as qrcode_22_16_, channelinf0_.second_echeon as second_23_16_, channelinf0_.shop_id as shop_id24_16_, channelinf0_.source as source25_16_, channelinf0_.statistics_date as statist26_16_, channelinf0_.statistics_type as statist27_16_, channelinf0_.status as status28_16_, channelinf0_.subdivide_channel as subdivi29_16_, channelinf0_.third_echeon as third_e30_16_, channelinf0_.third_product_group as third_p31_16_, channelinf0_.url_type as url_typ32_16_, channelinf0_.user_name as user_na33_16_ from channel_info channelinf0_ where channelinf0_.source=? limit ?
2020-03-09 17:43:32.302 TRACE 9626 --- [nio-8789-exec-3] o.h.type.descriptor.sql.BasicBinder      : binding parameter [1] as [INTEGER] - [822]
2020-03-09 17:43:32.302  INFO 9626 --- [nio-8789-exec-3] c.p.a.service.ActivityAdmissionService   : sourceSignIn=com.putaoabc.activitiescommonservice.entity.source.ChannelInfo@6d77994d,sourcePurchase=com.putaoabc.activitiescommonservice.entity.source.ChannelInfo@6d77994d
2020-03-09 17:43:32.302  INFO 9626 --- [nio-8789-exec-3] c.p.a.util.ActivityAdmissionUtil         : stack =>[1==1]
2020-03-09 17:43:32.302  INFO 9626 --- [nio-8789-exec-3] c.p.a.util.ActivityAdmissionUtil         : stack =>[true, ||, true]
2020-03-09 17:43:32.302  INFO 9626 --- [nio-8789-exec-3] c.p.a.service.ActivityAdmissionService   : subResult =>true
2020-03-09 17:43:32.302  INFO 9626 --- [nio-8789-exec-3] c.p.a.service.ActivityAdmissionService   : conditions_sub[[{"leftoperator":"ifForbidOther","predicate":"eq","rightoperator":0}]]
2020-03-09 17:43:32.302  INFO 9626 --- [nio-8789-exec-3] c.p.a.service.ActivityAdmissionService   : 1
Hibernate: select activityre0_.id as id1_10_, activityre0_.activity_detail as activity2_10_, activityre0_.activity_id as activity3_10_, activityre0_.activity_name as activity4_10_, activityre0_.activity_title as activity5_10_, activityre0_.class_id as class_id6_10_, activityre0_.create_time as create_t7_10_, activityre0_.experience_id as experien8_10_, activityre0_.putao_id as putao_id9_10_, activityre0_.return_day as return_10_10_, activityre0_.return_day_num as return_11_10_, activityre0_.return_lesson_num as return_12_10_, activityre0_.return_money as return_13_10_, activityre0_.return_platform as return_14_10_, activityre0_.return_type as return_15_10_, activityre0_.status as status16_10_, activityre0_.unit as unit17_10_ from activity_return_money_record activityre0_ where activityre0_.putao_id=?
2020-03-09 17:43:32.302 TRACE 9626 --- [nio-8789-exec-3] o.h.type.descriptor.sql.BasicBinder      : binding parameter [1] as [INTEGER] - [738751]
2020-03-09 17:43:32.303  INFO 9626 --- [nio-8789-exec-3] c.p.a.util.ActivityAdmissionUtil         : stack =>[2==0]
2020-03-09 17:43:32.303  INFO 9626 --- [nio-8789-exec-3] c.p.a.util.ActivityAdmissionUtil         : stack =>[false]
2020-03-09 17:43:32.303  INFO 9626 --- [nio-8789-exec-3] c.p.a.service.ActivityAdmissionService   : subResult =>false
2020-03-09 17:43:32.303  INFO 9626 --- [nio-8789-exec-3] c.p.a.service.ActivityAdmissionService   : change to true
2020-03-09 17:43:32.303  INFO 9626 --- [nio-8789-exec-3] c.p.a.util.ActivityAdmissionUtil         : stack =>[true, &&, true, &&, true]
2020-03-09 17:43:32.303  INFO 9626 --- [nio-8789-exec-3] c.p.a.interceptor.CostInterceptor        : [Putao-Observer,hostName=VM_0_4_centos,cost=12,http_code=200,ip=121.69.42.54,putaoid=738751,serviceName=activities-common-service:8789,uri=/course_v2/activityCenter/admission/checkAdmissionWithTip,uuid=492a957b-870f-4d29-9896-38d6d0fbee16]
2020-03-09 17:43:32.328  INFO 9626 --- [nio-8789-exec-4] c.p.a.interceptor.CostInterceptor        : [URL]: dev.putaoabc.net.cn/course_v2/activityCenter/universal/openExpOrSpecCourse?uuid=10.10.38.141&putaoid=738751&sign=0866eb9e945c446ba8c9f49993fed9d3&ts=1583747012321&from=weixin&putaoId=738751&token=72b3a4a632&source=822&sourceToken=xwPdQ0U6&classId=148&tId=&phone=14500001073&unit=22&level=22&cType=1&zt_id=12&
2020-03-09 17:43:32.328  INFO 9626 --- [nio-8789-exec-4] c.p.a.conf.RedisDistributedLock          : redis lock key:activityCenter:universal:openExpOrSpecCourse:classId148putaoId738751:13d085cb-97d2-40e8-9368-62d6707c7d57
Hibernate: select activityji0_.id as id1_8_, activityji0_.class_number as class_nu2_8_, activityji0_.create_time as create_t3_8_, activityji0_.grade as grade4_8_, activityji0_.learn_starting as learn_st5_8_, activityji0_.phone as phone6_8_, activityji0_.putao_id as putao_id7_8_, activityji0_.remark as remark8_8_, activityji0_.source as source9_8_, activityji0_.user_name as user_na10_8_ from activity_jinxiao_user activityji0_ where activityji0_.putao_id=? limit ?
2020-03-09 17:43:32.331 TRACE 9626 --- [nio-8789-exec-4] o.h.type.descriptor.sql.BasicBinder      : binding parameter [1] as [INTEGER] - [738751]
Hibernate: insert into activity_jinxiao_user (class_number, grade, learn_starting, phone, putao_id, remark, source, user_name) values (?, ?, ?, ?, ?, ?, ?, ?)
2020-03-09 17:43:32.333 TRACE 9626 --- [nio-8789-exec-4] o.h.type.descriptor.sql.BasicBinder      : binding parameter [1] as [VARCHAR] - [null]
2020-03-09 17:43:32.333 TRACE 9626 --- [nio-8789-exec-4] o.h.type.descriptor.sql.BasicBinder      : binding parameter [2] as [INTEGER] - [null]
2020-03-09 17:43:32.333 TRACE 9626 --- [nio-8789-exec-4] o.h.type.descriptor.sql.BasicBinder      : binding parameter [3] as [INTEGER] - [null]
2020-03-09 17:43:32.333 TRACE 9626 --- [nio-8789-exec-4] o.h.type.descriptor.sql.BasicBinder      : binding parameter [4] as [VARCHAR] - [14500001073]
2020-03-09 17:43:32.333 TRACE 9626 --- [nio-8789-exec-4] o.h.type.descriptor.sql.BasicBinder      : binding parameter [5] as [INTEGER] - [738751]
2020-03-09 17:43:32.333 TRACE 9626 --- [nio-8789-exec-4] o.h.type.descriptor.sql.BasicBinder      : binding parameter [6] as [VARCHAR] - [通用购买页]
2020-03-09 17:43:32.333 TRACE 9626 --- [nio-8789-exec-4] o.h.type.descriptor.sql.BasicBinder      : binding parameter [7] as [INTEGER] - [822]
2020-03-09 17:43:32.333 TRACE 9626 --- [nio-8789-exec-4] o.h.type.descriptor.sql.BasicBinder      : binding parameter [8] as [VARCHAR] - [null]
Hibernate: select periodscla0_.class_id as class_id1_32_, periodscla0_.activity_id as activity2_32_, periodscla0_.activity_type as activity3_32_, periodscla0_.camp_id as camp_id4_32_, periodscla0_.class_code_url as class_co5_32_, periodscla0_.class_name as class_na6_32_, periodscla0_.class_status as class_st7_32_, periodscla0_.course_type as course_t8_32_, periodscla0_.course_type_details as course_t9_32_, periodscla0_.create_time as create_10_32_, periodscla0_.device as device11_32_, periodscla0_.grade as grade12_32_, periodscla0_.opening_date as opening13_32_, periodscla0_.periods as periods14_32_, periodscla0_.periods_describe as periods15_32_, periodscla0_.periods_type as periods16_32_, periodscla0_.pred_num as pred_nu17_32_, periodscla0_.school_id as school_18_32_, periodscla0_.school_name as school_19_32_, periodscla0_.st_name as st_name20_32_, periodscla0_.teacher_id as teacher21_32_, periodscla0_.teacher_wx_num as teacher22_32_, periodscla0_.update_code_num as update_23_32_, periodscla0_.update_code_type as update_24_32_, periodscla0_.update_time as update_25_32_ from periods_class_info periodscla0_ where periodscla0_.class_id=? limit ?
2020-03-09 17:43:32.352 TRACE 9626 --- [nio-8789-exec-4] o.h.type.descriptor.sql.BasicBinder      : binding parameter [1] as [INTEGER] - [148]
Hibernate: select activityin0_.activity_id as activity1_7_0_, activityin0_.acti_msg_fixed as acti_msg2_7_0_, activityin0_.acti_msg_sms_record as acti_msg3_7_0_, activityin0_.acti_msg_wx_template_record as acti_msg4_7_0_, activityin0_.activity_name as activity5_7_0_, activityin0_.activity_type as activity6_7_0_, activityin0_.activity_url as activity7_7_0_, activityin0_.cash_condition as cash_con8_7_0_, activityin0_.conditions as conditio9_7_0_, activityin0_.create_by as create_10_7_0_, activityin0_.create_time as create_11_7_0_, activityin0_.goods_price as goods_p12_7_0_, activityin0_.if_renew as if_rene13_7_0_, activityin0_.if_return_cash as if_retu14_7_0_, activityin0_.package_id as package15_7_0_, activityin0_.package_name as package16_7_0_, activityin0_.package_type as package17_7_0_, activityin0_.personal_type as persona18_7_0_, activityin0_.prompt_info as prompt_19_7_0_, activityin0_.supple_id as supple_20_7_0_, activityin0_.unit as unit21_7_0_, activityin0_.update_by as update_22_7_0_, activityin0_.update_time as update_23_7_0_ from activity_info activityin0_ where activityin0_.activity_id=?
2020-03-09 17:43:32.353 TRACE 9626 --- [nio-8789-exec-4] o.h.type.descriptor.sql.BasicBinder      : binding parameter [1] as [INTEGER] - [126]
2020-03-09 17:43:32.354  INFO 9626 --- [nio-8789-exec-4] c.p.a.service.ActivityAdmissionService   : {"conditions":{"condition_forbid":[[{"leftoperator":"ifForbidOther","predicate":"eq","rightoperator":0}]],"condition_course":[[{"leftoperator":"mainCourse","predicate":"eq","rightoperator":0},{"leftoperator":"experienceCourse","predicate":"eq","rightoperator":0},{"leftoperator":"specialCourse","predicate":"eq","rightoperator":0}]],"condition_source":[[{"leftoperator":"isNew","predicate":"eq","rightoperator":1}],[{"leftoperator":"sameSource","predicate":"eq","rightoperator":1}]]}}
2020-03-09 17:43:32.354  INFO 9626 --- [nio-8789-exec-4] c.p.a.service.ActivityAdmissionService   : conditions_sub[[{"leftoperator":"mainCourse","predicate":"eq","rightoperator":0},{"leftoperator":"experienceCourse","predicate":"eq","rightoperator":0},{"leftoperator":"specialCourse","predicate":"eq","rightoperator":0}]]
2020-03-09 17:43:32.354  INFO 9626 --- [nio-8789-exec-4] c.p.a.service.ActivityAdmissionService   : 3
Hibernate: select experience0_.id as id1_21_, experience0_.create_time as create_t2_21_, experience0_.end_time as end_time3_21_, experience0_.level as level4_21_, experience0_.putao_id as putao_id5_21_, experience0_.type as type6_21_, experience0_.unit as unit7_21_ from experience_camp_activity_record experience0_ where experience0_.putao_id=? and (experience0_.unit in (? , ? , ? , ?))
2020-03-09 17:43:32.356 TRACE 9626 --- [nio-8789-exec-4] o.h.type.descriptor.sql.BasicBinder      : binding parameter [1] as [INTEGER] - [738751]
2020-03-09 17:43:32.356 TRACE 9626 --- [nio-8789-exec-4] o.h.type.descriptor.sql.BasicBinder      : binding parameter [2] as [INTEGER] - [23]
2020-03-09 17:43:32.356 TRACE 9626 --- [nio-8789-exec-4] o.h.type.descriptor.sql.BasicBinder      : binding parameter [3] as [INTEGER] - [15]
2020-03-09 17:43:32.356 TRACE 9626 --- [nio-8789-exec-4] o.h.type.descriptor.sql.BasicBinder      : binding parameter [4] as [INTEGER] - [16]
2020-03-09 17:43:32.356 TRACE 9626 --- [nio-8789-exec-4] o.h.type.descriptor.sql.BasicBinder      : binding parameter [5] as [INTEGER] - [22]
2020-03-09 17:43:32.357  INFO 9626 --- [nio-8789-exec-4] c.p.a.service.ActivityAdmissionService   : judgeExperienceCamp  putaoId:738751  records[]
Hibernate: select experience0_.id as id1_21_, experience0_.create_time as create_t2_21_, experience0_.end_time as end_time3_21_, experience0_.level as level4_21_, experience0_.putao_id as putao_id5_21_, experience0_.type as type6_21_, experience0_.unit as unit7_21_ from experience_camp_activity_record experience0_ where experience0_.putao_id=? and (experience0_.unit in (? , ? , ? , ?))
2020-03-09 17:43:32.357 TRACE 9626 --- [nio-8789-exec-4] o.h.type.descriptor.sql.BasicBinder      : binding parameter [1] as [INTEGER] - [738751]
2020-03-09 17:43:32.357 TRACE 9626 --- [nio-8789-exec-4] o.h.type.descriptor.sql.BasicBinder      : binding parameter [2] as [INTEGER] - [21]
2020-03-09 17:43:32.357 TRACE 9626 --- [nio-8789-exec-4] o.h.type.descriptor.sql.BasicBinder      : binding parameter [3] as [INTEGER] - [12]
2020-03-09 17:43:32.357 TRACE 9626 --- [nio-8789-exec-4] o.h.type.descriptor.sql.BasicBinder      : binding parameter [4] as [INTEGER] - [13]
2020-03-09 17:43:32.357 TRACE 9626 --- [nio-8789-exec-4] o.h.type.descriptor.sql.BasicBinder      : binding parameter [5] as [INTEGER] - [11]
2020-03-09 17:43:32.358  INFO 9626 --- [nio-8789-exec-4] c.p.a.service.ActivityAdmissionService   : judgeSpecialCamp  putaoId:738751  records[]
2020-03-09 17:43:32.358  INFO 9626 --- [nio-8789-exec-4] c.p.a.util.ActivityAdmissionUtil         : stack =>[0==0, &&, 0==0, &&, 0==0]
2020-03-09 17:43:32.358  INFO 9626 --- [nio-8789-exec-4] c.p.a.util.ActivityAdmissionUtil         : stack =>[true]
2020-03-09 17:43:32.358  INFO 9626 --- [nio-8789-exec-4] c.p.a.service.ActivityAdmissionService   : subResult =>true
2020-03-09 17:43:32.358  INFO 9626 --- [nio-8789-exec-4] c.p.a.service.ActivityAdmissionService   : conditions_sub[[{"leftoperator":"isNew","predicate":"eq","rightoperator":1}],[{"leftoperator":"sameSource","predicate":"eq","rightoperator":1}]]
2020-03-09 17:43:32.358  INFO 9626 --- [nio-8789-exec-4] c.p.a.service.ActivityAdmissionService   : 1
2020-03-09 17:43:32.360  INFO 9626 --- [nio-8789-exec-4] c.p.a.util.ActivityAdmissionUtil         : stack =>[1==1]
2020-03-09 17:43:32.360  INFO 9626 --- [nio-8789-exec-4] c.p.a.service.ActivityAdmissionService   : 1
Hibernate: select channelinf0_.id as id1_16_, channelinf0_.activity_id as activity2_16_, channelinf0_.activity_rule as activity3_16_, channelinf0_.camp_id as camp_id4_16_, channelinf0_.channel as channel5_16_, channelinf0_.channel_classify as channel_6_16_, channelinf0_.channel_instruction as channel_7_16_, channelinf0_.channel_level as channel_8_16_, channelinf0_.channel_type as channel_9_16_, channelinf0_.channel_url as channel10_16_, channelinf0_.class_id as class_i11_16_, channelinf0_.delay_type as delay_t12_16_, channelinf0_.first_echeon as first_e13_16_, channelinf0_.five_echeon as five_ec14_16_, channelinf0_.fourth_echeon as fourth_15_16_, channelinf0_.group_id as group_i16_16_, channelinf0_.if_own as if_own17_16_, channelinf0_.if_statistics as if_stat18_16_, channelinf0_.new_sale as new_sal19_16_, channelinf0_.old_sale as old_sal20_16_, channelinf0_.producer_shop_id as produce21_16_, channelinf0_.qrcode_id as qrcode_22_16_, channelinf0_.second_echeon as second_23_16_, channelinf0_.shop_id as shop_id24_16_, channelinf0_.source as source25_16_, channelinf0_.statistics_date as statist26_16_, channelinf0_.statistics_type as statist27_16_, channelinf0_.status as status28_16_, channelinf0_.subdivide_channel as subdivi29_16_, channelinf0_.third_echeon as third_e30_16_, channelinf0_.third_product_group as third_p31_16_, channelinf0_.url_type as url_typ32_16_, channelinf0_.user_name as user_na33_16_ from channel_info channelinf0_ where channelinf0_.source=? limit ?
2020-03-09 17:43:32.361 TRACE 9626 --- [nio-8789-exec-4] o.h.type.descriptor.sql.BasicBinder      : binding parameter [1] as [INTEGER] - [822]
Hibernate: select channelinf0_.id as id1_16_, channelinf0_.activity_id as activity2_16_, channelinf0_.activity_rule as activity3_16_, channelinf0_.camp_id as camp_id4_16_, channelinf0_.channel as channel5_16_, channelinf0_.channel_classify as channel_6_16_, channelinf0_.channel_instruction as channel_7_16_, channelinf0_.channel_level as channel_8_16_, channelinf0_.channel_type as channel_9_16_, channelinf0_.channel_url as channel10_16_, channelinf0_.class_id as class_i11_16_, channelinf0_.delay_type as delay_t12_16_, channelinf0_.first_echeon as first_e13_16_, channelinf0_.five_echeon as five_ec14_16_, channelinf0_.fourth_echeon as fourth_15_16_, channelinf0_.group_id as group_i16_16_, channelinf0_.if_own as if_own17_16_, channelinf0_.if_statistics as if_stat18_16_, channelinf0_.new_sale as new_sal19_16_, channelinf0_.old_sale as old_sal20_16_, channelinf0_.producer_shop_id as produce21_16_, channelinf0_.qrcode_id as qrcode_22_16_, channelinf0_.second_echeon as second_23_16_, channelinf0_.shop_id as shop_id24_16_, channelinf0_.source as source25_16_, channelinf0_.statistics_date as statist26_16_, channelinf0_.statistics_type as statist27_16_, channelinf0_.status as status28_16_, channelinf0_.subdivide_channel as subdivi29_16_, channelinf0_.third_echeon as third_e30_16_, channelinf0_.third_product_group as third_p31_16_, channelinf0_.url_type as url_typ32_16_, channelinf0_.user_name as user_na33_16_ from channel_info channelinf0_ where channelinf0_.source=? limit ?
2020-03-09 17:43:32.361 TRACE 9626 --- [nio-8789-exec-4] o.h.type.descriptor.sql.BasicBinder      : binding parameter [1] as [INTEGER] - [822]
2020-03-09 17:43:32.362  INFO 9626 --- [nio-8789-exec-4] c.p.a.service.ActivityAdmissionService   : sourceSignIn=com.putaoabc.activitiescommonservice.entity.source.ChannelInfo@7b3dadef,sourcePurchase=com.putaoabc.activitiescommonservice.entity.source.ChannelInfo@7b3dadef
2020-03-09 17:43:32.362  INFO 9626 --- [nio-8789-exec-4] c.p.a.util.ActivityAdmissionUtil         : stack =>[1==1]
2020-03-09 17:43:32.362  INFO 9626 --- [nio-8789-exec-4] c.p.a.util.ActivityAdmissionUtil         : stack =>[true, ||, true]
2020-03-09 17:43:32.362  INFO 9626 --- [nio-8789-exec-4] c.p.a.service.ActivityAdmissionService   : subResult =>true
2020-03-09 17:43:32.362  INFO 9626 --- [nio-8789-exec-4] c.p.a.service.ActivityAdmissionService   : conditions_sub[[{"leftoperator":"ifForbidOther","predicate":"eq","rightoperator":0}]]
2020-03-09 17:43:32.362  INFO 9626 --- [nio-8789-exec-4] c.p.a.service.ActivityAdmissionService   : 1
Hibernate: select activityre0_.id as id1_10_, activityre0_.activity_detail as activity2_10_, activityre0_.activity_id as activity3_10_, activityre0_.activity_name as activity4_10_, activityre0_.activity_title as activity5_10_, activityre0_.class_id as class_id6_10_, activityre0_.create_time as create_t7_10_, activityre0_.experience_id as experien8_10_, activityre0_.putao_id as putao_id9_10_, activityre0_.return_day as return_10_10_, activityre0_.return_day_num as return_11_10_, activityre0_.return_lesson_num as return_12_10_, activityre0_.return_money as return_13_10_, activityre0_.return_platform as return_14_10_, activityre0_.return_type as return_15_10_, activityre0_.status as status16_10_, activityre0_.unit as unit17_10_ from activity_return_money_record activityre0_ where activityre0_.putao_id=?
2020-03-09 17:43:32.362 TRACE 9626 --- [nio-8789-exec-4] o.h.type.descriptor.sql.BasicBinder      : binding parameter [1] as [INTEGER] - [738751]
2020-03-09 17:43:32.362  INFO 9626 --- [nio-8789-exec-4] c.p.a.util.ActivityAdmissionUtil         : stack =>[2==0]
2020-03-09 17:43:32.362  INFO 9626 --- [nio-8789-exec-4] c.p.a.util.ActivityAdmissionUtil         : stack =>[false]
2020-03-09 17:43:32.362  INFO 9626 --- [nio-8789-exec-4] c.p.a.service.ActivityAdmissionService   : subResult =>false
2020-03-09 17:43:32.362  INFO 9626 --- [nio-8789-exec-4] c.p.a.service.ActivityAdmissionService   : change to true
2020-03-09 17:43:32.362  INFO 9626 --- [nio-8789-exec-4] c.p.a.util.ActivityAdmissionUtil         : stack =>[true, &&, true, &&, true]
Hibernate: select periodscla0_.class_id as class_id1_32_, periodscla0_.activity_id as activity2_32_, periodscla0_.activity_type as activity3_32_, periodscla0_.camp_id as camp_id4_32_, periodscla0_.class_code_url as class_co5_32_, periodscla0_.class_name as class_na6_32_, periodscla0_.class_status as class_st7_32_, periodscla0_.course_type as course_t8_32_, periodscla0_.course_type_details as course_t9_32_, periodscla0_.create_time as create_10_32_, periodscla0_.device as device11_32_, periodscla0_.grade as grade12_32_, periodscla0_.opening_date as opening13_32_, periodscla0_.periods as periods14_32_, periodscla0_.periods_describe as periods15_32_, periodscla0_.periods_type as periods16_32_, periodscla0_.pred_num as pred_nu17_32_, periodscla0_.school_id as school_18_32_, periodscla0_.school_name as school_19_32_, periodscla0_.st_name as st_name20_32_, periodscla0_.teacher_id as teacher21_32_, periodscla0_.teacher_wx_num as teacher22_32_, periodscla0_.update_code_num as update_23_32_, periodscla0_.update_code_type as update_24_32_, periodscla0_.update_time as update_25_32_ from periods_class_info periodscla0_ where periodscla0_.class_id=? limit ?
2020-03-09 17:43:32.362 TRACE 9626 --- [nio-8789-exec-4] o.h.type.descriptor.sql.BasicBinder      : binding parameter [1] as [INTEGER] - [148]
2020-03-09 17:43:32.363  INFO 9626 --- [nio-8789-exec-4] c.p.a.service.ActivityAdmissionService   : {"conditions":{"condition_forbid":[[{"leftoperator":"ifForbidOther","predicate":"eq","rightoperator":0}]],"condition_course":[[{"leftoperator":"mainCourse","predicate":"eq","rightoperator":0},{"leftoperator":"experienceCourse","predicate":"eq","rightoperator":0},{"leftoperator":"specialCourse","predicate":"eq","rightoperator":0}]],"condition_source":[[{"leftoperator":"isNew","predicate":"eq","rightoperator":1}],[{"leftoperator":"sameSource","predicate":"eq","rightoperator":1}]]}}
2020-03-09 17:43:32.363  INFO 9626 --- [nio-8789-exec-4] c.p.a.service.ActivityAdmissionService   : conditions_sub[[{"leftoperator":"mainCourse","predicate":"eq","rightoperator":0},{"leftoperator":"experienceCourse","predicate":"eq","rightoperator":0},{"leftoperator":"specialCourse","predicate":"eq","rightoperator":0}]]
2020-03-09 17:43:32.363  INFO 9626 --- [nio-8789-exec-4] c.p.a.service.ActivityAdmissionService   : 3
Hibernate: select experience0_.id as id1_21_, experience0_.create_time as create_t2_21_, experience0_.end_time as end_time3_21_, experience0_.level as level4_21_, experience0_.putao_id as putao_id5_21_, experience0_.type as type6_21_, experience0_.unit as unit7_21_ from experience_camp_activity_record experience0_ where experience0_.putao_id=? and (experience0_.unit in (? , ? , ? , ?))
2020-03-09 17:43:32.365 TRACE 9626 --- [nio-8789-exec-4] o.h.type.descriptor.sql.BasicBinder      : binding parameter [1] as [INTEGER] - [738751]
2020-03-09 17:43:32.365 TRACE 9626 --- [nio-8789-exec-4] o.h.type.descriptor.sql.BasicBinder      : binding parameter [2] as [INTEGER] - [23]
2020-03-09 17:43:32.365 TRACE 9626 --- [nio-8789-exec-4] o.h.type.descriptor.sql.BasicBinder      : binding parameter [3] as [INTEGER] - [15]
2020-03-09 17:43:32.365 TRACE 9626 --- [nio-8789-exec-4] o.h.type.descriptor.sql.BasicBinder      : binding parameter [4] as [INTEGER] - [16]
2020-03-09 17:43:32.365 TRACE 9626 --- [nio-8789-exec-4] o.h.type.descriptor.sql.BasicBinder      : binding parameter [5] as [INTEGER] - [22]
2020-03-09 17:43:32.366  INFO 9626 --- [nio-8789-exec-4] c.p.a.service.ActivityAdmissionService   : judgeExperienceCamp  putaoId:738751  records[]
Hibernate: select experience0_.id as id1_21_, experience0_.create_time as create_t2_21_, experience0_.end_time as end_time3_21_, experience0_.level as level4_21_, experience0_.putao_id as putao_id5_21_, experience0_.type as type6_21_, experience0_.unit as unit7_21_ from experience_camp_activity_record experience0_ where experience0_.putao_id=? and (experience0_.unit in (? , ? , ? , ?))
2020-03-09 17:43:32.366 TRACE 9626 --- [nio-8789-exec-4] o.h.type.descriptor.sql.BasicBinder      : binding parameter [1] as [INTEGER] - [738751]
2020-03-09 17:43:32.366 TRACE 9626 --- [nio-8789-exec-4] o.h.type.descriptor.sql.BasicBinder      : binding parameter [2] as [INTEGER] - [21]
2020-03-09 17:43:32.366 TRACE 9626 --- [nio-8789-exec-4] o.h.type.descriptor.sql.BasicBinder      : binding parameter [3] as [INTEGER] - [12]
2020-03-09 17:43:32.366 TRACE 9626 --- [nio-8789-exec-4] o.h.type.descriptor.sql.BasicBinder      : binding parameter [4] as [INTEGER] - [13]
2020-03-09 17:43:32.366 TRACE 9626 --- [nio-8789-exec-4] o.h.type.descriptor.sql.BasicBinder      : binding parameter [5] as [INTEGER] - [11]
2020-03-09 17:43:32.367  INFO 9626 --- [nio-8789-exec-4] c.p.a.service.ActivityAdmissionService   : judgeSpecialCamp  putaoId:738751  records[]
2020-03-09 17:43:32.367  INFO 9626 --- [nio-8789-exec-4] c.p.a.util.ActivityAdmissionUtil         : stack =>[0==0, &&, 0==0, &&, 0==0]
2020-03-09 17:43:32.367  INFO 9626 --- [nio-8789-exec-4] c.p.a.util.ActivityAdmissionUtil         : stack =>[true]
2020-03-09 17:43:32.367  INFO 9626 --- [nio-8789-exec-4] c.p.a.service.ActivityAdmissionService   : subResult =>true
2020-03-09 17:43:32.367  INFO 9626 --- [nio-8789-exec-4] c.p.a.service.ActivityAdmissionService   : conditions_sub[[{"leftoperator":"isNew","predicate":"eq","rightoperator":1}],[{"leftoperator":"sameSource","predicate":"eq","rightoperator":1}]]
2020-03-09 17:43:32.367  INFO 9626 --- [nio-8789-exec-4] c.p.a.service.ActivityAdmissionService   : 1
2020-03-09 17:43:32.368  INFO 9626 --- [nio-8789-exec-4] c.p.a.util.ActivityAdmissionUtil         : stack =>[1==1]
2020-03-09 17:43:32.368  INFO 9626 --- [nio-8789-exec-4] c.p.a.service.ActivityAdmissionService   : 1
Hibernate: select channelinf0_.id as id1_16_, channelinf0_.activity_id as activity2_16_, channelinf0_.activity_rule as activity3_16_, channelinf0_.camp_id as camp_id4_16_, channelinf0_.channel as channel5_16_, channelinf0_.channel_classify as channel_6_16_, channelinf0_.channel_instruction as channel_7_16_, channelinf0_.channel_level as channel_8_16_, channelinf0_.channel_type as channel_9_16_, channelinf0_.channel_url as channel10_16_, channelinf0_.class_id as class_i11_16_, channelinf0_.delay_type as delay_t12_16_, channelinf0_.first_echeon as first_e13_16_, channelinf0_.five_echeon as five_ec14_16_, channelinf0_.fourth_echeon as fourth_15_16_, channelinf0_.group_id as group_i16_16_, channelinf0_.if_own as if_own17_16_, channelinf0_.if_statistics as if_stat18_16_, channelinf0_.new_sale as new_sal19_16_, channelinf0_.old_sale as old_sal20_16_, channelinf0_.producer_shop_id as produce21_16_, channelinf0_.qrcode_id as qrcode_22_16_, channelinf0_.second_echeon as second_23_16_, channelinf0_.shop_id as shop_id24_16_, channelinf0_.source as source25_16_, channelinf0_.statistics_date as statist26_16_, channelinf0_.statistics_type as statist27_16_, channelinf0_.status as status28_16_, channelinf0_.subdivide_channel as subdivi29_16_, channelinf0_.third_echeon as third_e30_16_, channelinf0_.third_product_group as third_p31_16_, channelinf0_.url_type as url_typ32_16_, channelinf0_.user_name as user_na33_16_ from channel_info channelinf0_ where channelinf0_.source=? limit ?
2020-03-09 17:43:32.369 TRACE 9626 --- [nio-8789-exec-4] o.h.type.descriptor.sql.BasicBinder      : binding parameter [1] as [INTEGER] - [822]
Hibernate: select channelinf0_.id as id1_16_, channelinf0_.activity_id as activity2_16_, channelinf0_.activity_rule as activity3_16_, channelinf0_.camp_id as camp_id4_16_, channelinf0_.channel as channel5_16_, channelinf0_.channel_classify as channel_6_16_, channelinf0_.channel_instruction as channel_7_16_, channelinf0_.channel_level as channel_8_16_, channelinf0_.channel_type as channel_9_16_, channelinf0_.channel_url as channel10_16_, channelinf0_.class_id as class_i11_16_, channelinf0_.delay_type as delay_t12_16_, channelinf0_.first_echeon as first_e13_16_, channelinf0_.five_echeon as five_ec14_16_, channelinf0_.fourth_echeon as fourth_15_16_, channelinf0_.group_id as group_i16_16_, channelinf0_.if_own as if_own17_16_, channelinf0_.if_statistics as if_stat18_16_, channelinf0_.new_sale as new_sal19_16_, channelinf0_.old_sale as old_sal20_16_, channelinf0_.producer_shop_id as produce21_16_, channelinf0_.qrcode_id as qrcode_22_16_, channelinf0_.second_echeon as second_23_16_, channelinf0_.shop_id as shop_id24_16_, channelinf0_.source as source25_16_, channelinf0_.statistics_date as statist26_16_, channelinf0_.statistics_type as statist27_16_, channelinf0_.status as status28_16_, channelinf0_.subdivide_channel as subdivi29_16_, channelinf0_.third_echeon as third_e30_16_, channelinf0_.third_product_group as third_p31_16_, channelinf0_.url_type as url_typ32_16_, channelinf0_.user_name as user_na33_16_ from channel_info channelinf0_ where channelinf0_.source=? limit ?
2020-03-09 17:43:32.369 TRACE 9626 --- [nio-8789-exec-4] o.h.type.descriptor.sql.BasicBinder      : binding parameter [1] as [INTEGER] - [822]
2020-03-09 17:43:32.370  INFO 9626 --- [nio-8789-exec-4] c.p.a.service.ActivityAdmissionService   : sourceSignIn=com.putaoabc.activitiescommonservice.entity.source.ChannelInfo@7b3dadef,sourcePurchase=com.putaoabc.activitiescommonservice.entity.source.ChannelInfo@7b3dadef
2020-03-09 17:43:32.370  INFO 9626 --- [nio-8789-exec-4] c.p.a.util.ActivityAdmissionUtil         : stack =>[1==1]
2020-03-09 17:43:32.370  INFO 9626 --- [nio-8789-exec-4] c.p.a.util.ActivityAdmissionUtil         : stack =>[true, ||, true]
2020-03-09 17:43:32.370  INFO 9626 --- [nio-8789-exec-4] c.p.a.service.ActivityAdmissionService   : subResult =>true
2020-03-09 17:43:32.370  INFO 9626 --- [nio-8789-exec-4] c.p.a.service.ActivityAdmissionService   : conditions_sub[[{"leftoperator":"ifForbidOther","predicate":"eq","rightoperator":0}]]
2020-03-09 17:43:32.370  INFO 9626 --- [nio-8789-exec-4] c.p.a.service.ActivityAdmissionService   : 1
Hibernate: select activityre0_.id as id1_10_, activityre0_.activity_detail as activity2_10_, activityre0_.activity_id as activity3_10_, activityre0_.activity_name as activity4_10_, activityre0_.activity_title as activity5_10_, activityre0_.class_id as class_id6_10_, activityre0_.create_time as create_t7_10_, activityre0_.experience_id as experien8_10_, activityre0_.putao_id as putao_id9_10_, activityre0_.return_day as return_10_10_, activityre0_.return_day_num as return_11_10_, activityre0_.return_lesson_num as return_12_10_, activityre0_.return_money as return_13_10_, activityre0_.return_platform as return_14_10_, activityre0_.return_type as return_15_10_, activityre0_.status as status16_10_, activityre0_.unit as unit17_10_ from activity_return_money_record activityre0_ where activityre0_.putao_id=?
2020-03-09 17:43:32.370 TRACE 9626 --- [nio-8789-exec-4] o.h.type.descriptor.sql.BasicBinder      : binding parameter [1] as [INTEGER] - [738751]
2020-03-09 17:43:32.370  INFO 9626 --- [nio-8789-exec-4] c.p.a.util.ActivityAdmissionUtil         : stack =>[2==0]
2020-03-09 17:43:32.370  INFO 9626 --- [nio-8789-exec-4] c.p.a.util.ActivityAdmissionUtil         : stack =>[false]
2020-03-09 17:43:32.370  INFO 9626 --- [nio-8789-exec-4] c.p.a.service.ActivityAdmissionService   : subResult =>false
2020-03-09 17:43:32.370  INFO 9626 --- [nio-8789-exec-4] c.p.a.service.ActivityAdmissionService   : change to true
2020-03-09 17:43:32.370  INFO 9626 --- [nio-8789-exec-4] c.p.a.util.ActivityAdmissionUtil         : stack =>[true, &&, true, &&, true]
Hibernate: select activityca0_.id as id1_42_0_, activityca0_.activity_ids as activity2_42_0_, activityca0_.activity_type as activity3_42_0_, activityca0_.course_type as course_t4_42_0_, activityca0_.course_type_details as course_t5_42_0_, activityca0_.course_type_time as course_t6_42_0_, activityca0_.create_time as create_t7_42_0_, activityca0_.first_leads_end_time as first_le8_42_0_, activityca0_.first_leads_start_time as first_le9_42_0_, activityca0_.leads_type as leads_t10_42_0_, activityca0_.name as name11_42_0_, activityca0_.opening_date as opening12_42_0_, activityca0_.pred_num as pred_nu13_42_0_, activityca0_.second_leads_end_time as second_14_42_0_, activityca0_.second_leads_start_time as second_15_42_0_, activityca0_.second_opening_date as second_16_42_0_, activityca0_.update_code_cycle as update_17_42_0_, activityca0_.update_code_value as update_18_42_0_, activityca0_.update_periods_time as update_19_42_0_, activityca0_.update_time as update_20_42_0_ from t_activity_camp_info activityca0_ where activityca0_.id=?
2020-03-09 17:43:32.371 TRACE 9626 --- [nio-8789-exec-4] o.h.type.descriptor.sql.BasicBinder      : binding parameter [1] as [INTEGER] - [293]
Hibernate: select activityin0_.activity_id as activity1_7_, activityin0_.acti_msg_fixed as acti_msg2_7_, activityin0_.acti_msg_sms_record as acti_msg3_7_, activityin0_.acti_msg_wx_template_record as acti_msg4_7_, activityin0_.activity_name as activity5_7_, activityin0_.activity_type as activity6_7_, activityin0_.activity_url as activity7_7_, activityin0_.cash_condition as cash_con8_7_, activityin0_.conditions as conditio9_7_, activityin0_.create_by as create_10_7_, activityin0_.create_time as create_11_7_, activityin0_.goods_price as goods_p12_7_, activityin0_.if_renew as if_rene13_7_, activityin0_.if_return_cash as if_retu14_7_, activityin0_.package_id as package15_7_, activityin0_.package_name as package16_7_, activityin0_.package_type as package17_7_, activityin0_.personal_type as persona18_7_, activityin0_.prompt_info as prompt_19_7_, activityin0_.supple_id as supple_20_7_, activityin0_.unit as unit21_7_, activityin0_.update_by as update_22_7_, activityin0_.update_time as update_23_7_ from activity_info activityin0_ where activityin0_.activity_id=? limit ?
2020-03-09 17:43:32.371 TRACE 9626 --- [nio-8789-exec-4] o.h.type.descriptor.sql.BasicBinder      : binding parameter [1] as [INTEGER] - [126]
Hibernate: select activityin0_.activity_id as activity1_7_, activityin0_.acti_msg_fixed as acti_msg2_7_, activityin0_.acti_msg_sms_record as acti_msg3_7_, activityin0_.acti_msg_wx_template_record as acti_msg4_7_, activityin0_.activity_name as activity5_7_, activityin0_.activity_type as activity6_7_, activityin0_.activity_url as activity7_7_, activityin0_.cash_condition as cash_con8_7_, activityin0_.conditions as conditio9_7_, activityin0_.create_by as create_10_7_, activityin0_.create_time as create_11_7_, activityin0_.goods_price as goods_p12_7_, activityin0_.if_renew as if_rene13_7_, activityin0_.if_return_cash as if_retu14_7_, activityin0_.package_id as package15_7_, activityin0_.package_name as package16_7_, activityin0_.package_type as package17_7_, activityin0_.personal_type as persona18_7_, activityin0_.prompt_info as prompt_19_7_, activityin0_.supple_id as supple_20_7_, activityin0_.unit as unit21_7_, activityin0_.update_by as update_22_7_, activityin0_.update_time as update_23_7_ from activity_info activityin0_ where activityin0_.activity_id=? limit ?
2020-03-09 17:43:32.488 TRACE 9626 --- [nio-8789-exec-4] o.h.type.descriptor.sql.BasicBinder      : binding parameter [1] as [INTEGER] - [126]
2020-03-09 17:43:32.489  INFO 9626 --- [nio-8789-exec-4] c.p.a.interceptor.CostInterceptor        : [Putao-Observer,hostName=VM_0_4_centos,cost=160,http_code=200,ip=121.69.42.54,putaoid=738751,serviceName=activities-common-service:8789,uri=/course_v2/activityCenter/universal/openExpOrSpecCourse,uuid=fd058c86-ffb7-4c77-85ac-9a0f22b49055]



