2020-03-06 23:59:00.002  INFO 13593 --- [nio-8789-exec-6] c.p.a.interceptor.CostInterceptor        : [URL]: dev.putaoabc.net.cn/course_v2/activityCenter/roundGroup/jobForRoundGroup?
Hibernate: select * from t_activity_round_info Order By round_id desc limit 1
2020-03-06 23:59:00.008  INFO 13593 --- [nio-8789-exec-6] c.p.a.c.group.RoundGroupBuyController    : Fri Mar 06 23:59:00 CST 202061.0date, thirtyMinutes, endTime

2020-03-07 03:11:00.005  INFO 32261 --- [nio-8789-exec-2] c.p.a.interceptor.CostInterceptor        : [URL]: dev.putaoabc.net.cn/course_v2/activityCenter/roundGroup/jobForRoundGroup?
Hibernate: select * from t_activity_round_info Order By round_id desc limit 1
2020-03-07 03:11:00.009  INFO 32261 --- [nio-8789-exec-2] c.p.a.c.group.RoundGroupBuyController    : Sat Mar 07 03:11:00 CST 202099.4date, thirtyMinutes, endTime

2020-03-07 03:14:00.007  INFO 15392 --- [nio-8789-exec-4] c.p.a.interceptor.CostInterceptor        : [URL]: dev.putaoabc.net.cn/course_v2/activityCenter/roundGroup/jobForRoundGroup?
Hibernate: select * from t_activity_round_info Order By round_id desc limit 1
2020-03-07 03:14:00.012  INFO 15392 --- [nio-8789-exec-4] c.p.a.c.group.RoundGroupBuyController    : Sat Mar 07 03:14:00 CST 2020100.0date, thirtyMinutes, endTime

2020-03-07 03:14:00.017 TRACE 15392 --- [nio-8789-exec-4] o.h.type.descriptor.sql.BasicBinder      : binding parameter [1] as [INTEGER] - [22]
Hibernate: insert into t_activity_round_info (acti_msg_wx_template_record_id, add_course_num, appoint_time, class_id, create_time, discount_level, end_time, first_num, first_price, group_buy_count, if_group, original_price, round_name, second_num, second_price, source, start_time, third_num, third_price, type, update_time) values (?, ?, ?, ?, ?, ?, ?, ?, ?, ?, ?, ?, ?, ?, ?, ?, ?, ?, ?, ?, ?)
2020-03-07 03:14:00.037 TRACE 15392 --- [nio-8789-exec-4] o.h.type.descriptor.sql.BasicBinder      : binding parameter [1] as [INTEGER] - [6]
2020-03-07 03:14:00.037 TRACE 15392 --- [nio-8789-exec-4] o.h.type.descriptor.sql.BasicBinder      : binding parameter [2] as [INTEGER] - [10]
2020-03-07 03:14:00.037 TRACE 15392 --- [nio-8789-exec-4] o.h.type.descriptor.sql.BasicBinder      : binding parameter [3] as [TIMESTAMP] - [2020-02-27 03:34:26.0]
2020-03-07 03:14:00.037 TRACE 15392 --- [nio-8789-exec-4] o.h.type.descriptor.sql.BasicBinder      : binding parameter [4] as [INTEGER] - [141]
2020-03-07 03:14:00.037 TRACE 15392 --- [nio-8789-exec-4] o.h.type.descriptor.sql.BasicBinder      : binding parameter [5] as [TIMESTAMP] - [Sat Mar 07 03:14:00 CST 2020]
2020-03-07 03:14:00.037 TRACE 15392 --- [nio-8789-exec-4] o.h.type.descriptor.sql.BasicBinder      : binding parameter [6] as [INTEGER] - [3]
2020-03-07 03:14:00.037 TRACE 15392 --- [nio-8789-exec-4] o.h.type.descriptor.sql.BasicBinder      : binding parameter [7] as [TIMESTAMP] - [Sat Mar 07 07:14:00 CST 2020]

2020-03-07 03:14:00.047  INFO 15392 --- [nio-8789-exec-4] c.p.a.interceptor.CostInterceptor        : [Putao-Observer,hostName=Server03.bj3,cost=39,http_code=200,ip=null,putaoid=null,serviceName=activities-common-service:8789,uri=/course_v2/activityCenter/roundGroup/jobForRoundGroup,uuid=null]

2020-03-07 07:03:00.004  INFO 32261 --- [nio-8789-exec-5] c.p.a.interceptor.CostInterceptor        : [URL]: dev.putaoabc.net.cn/course_v2/activityCenter/roundGroup/jobForRoundGroup?
Hibernate: select * from t_activity_round_info Order By round_id desc limit 1
2020-03-07 07:03:00.009  INFO 32261 --- [nio-8789-exec-5] c.p.a.c.group.RoundGroupBuyController    : Sat Mar 07 07:03:00 CST 202097.0date, thirtyMinutes, endTime





Sat Mar 07 03:23
Sat Mar 07 03:24
Sat Mar 07 03:25




2020-03-07 03:22:00.006  INFO 15392 --- [io-8789-exec-10] c.p.a.interceptor.CostInterceptor        : [URL]: dev.putaoabc.net.cn/course_v2/activityCenter/roundGroup/jobForRoundGroup?
Hibernate: select * from t_activity_round_info Order By round_id desc limit 1
2020-03-07 03:22:00.011  INFO 15392 --- [io-8789-exec-10] c.p.a.c.group.RoundGroupBuyController    : Sat Mar 07 03:22:00 CST 202034.0date, startTime, tenMinutes

2020-03-07 03:26:00.005  INFO 13593 --- [nio-8789-exec-7] c.p.a.interceptor.CostInterceptor        : [URL]: dev.putaoabc.net.cn/course_v2/activityCenter/roundGroup/jobForRoundGroup?
Hibernate: select * from t_activity_round_info Order By round_id desc limit 1
2020-03-07 03:26:00.010  INFO 13593 --- [nio-8789-exec-7] c.p.a.c.group.RoundGroupBuyController    : Sat Mar 07 03:26:00 CST 202040.0date, tenMinutes, thirtyMinutes


2020-03-07 07:12:00.003  INFO 15392 --- [io-8789-exec-10] c.p.a.interceptor.CostInterceptor        : [URL]: dev.putaoabc.net.cn/course_v2/activityCenter/roundGroup/jobForRoundGroup?
Hibernate: select * from t_activity_round_info Order By round_id desc limit 1
2020-03-07 07:12:00.009  INFO 15392 --- [io-8789-exec-10] c.p.a.c.group.RoundGroupBuyController    : Sat Mar 07 07:12:00 CST 202098.8date, thirtyMinutes, endTime




0 0/1 10-23 15 3 ? 2020-2020



2020-03-15 12:08:01.096 ERROR 9136 --- [MessageThread_1] p.a.s.ActivityCenterSubcribeListenerImpl : activity center cmq fail queue:topic-activities-common-service,msg:

[msgId=3659174697252930, receiptHandle=8074182119833764791, data={"activityOrder":{"tags":["activityRoundGroupBuyOrder"],"data":{"orderId":75404,"openCourseNum":70,"effectiveDay":280,"tag":"activityRoundGroupBuyOrder"}}}],message:null
[msgId=3659174697252940, receiptHandle=8074208420317541262, data={"activityOrder":{"tags":["activityRoundGroupBuyOrder"],"data":{"orderId":75415,"openCourseNum":70,"effectiveDay":280,"tag":"activityRoundGroupBuyOrder"}}}],message:null
[msgId=3659174697252939, receiptHandle=8074384377527923614, data={"activityOrder":{"tags":["activityRoundGroupBuyOrder"],"data":{"orderId":75414,"openCourseNum":70,"effectiveDay":280,"tag":"activityRoundGroupBuyOrder"}}}],message:null
[msgId=3659174697252950, receiptHandle=8074338527363833912, data={"activityOrder":{"tags":["activityRoundGroupBuyOrder"],"data":{"orderId":75427,"openCourseNum":70,"effectiveDay":280,"tag":"activityRoundGroupBuyOrder"}}}],message:null
[msgId=3659174697252966, receiptHandle=8074271015957374314, data={"activityOrder":{"tags":["activityRoundGroupBuyOrder"],"data":{"orderId":75450,"openCourseNum":70,"effectiveDay":280,"tag":"activityRoundGroupBuyOrder"}}}],message:null
[msgId=3659174697252968, receiptHandle=8074160350637743134, data={"activityOrder":{"tags":["activityRoundGroupBuyOrder"],"data":{"orderId":75452,"openCourseNum":70,"effectiveDay":280,"tag":"activityRoundGroupBuyOrder"}}}],message:null
[msgId=3659174697253010, receiptHandle=8074262941888091835, data={"activityOrder":{"tags":["activityRoundGroupBuyOrder"],"data":{"orderId":75518,"openCourseNum":70,"effectiveDay":280,"tag":"activityRoundGroupBuyOrder"}}}],message:null
[msgId=3659174697253054, receiptHandle=8074320153515491020, data={"activityOrder":{"tags":["activityRoundGroupBuyOrder"],"data":{"orderId":75572,"openCourseNum":70,"effectiveDay":280,"tag":"activityRoundGroupBuyOrder"}}}],message:null



2020-03-15 19:30:11.925  INFO 28057 --- [MessageThread_1] p.a.s.ActivityCenterSubcribeListenerImpl : activity center start recive message,queue:topic-activities-common-service,msg:[msgId=3659174697253092, receiptHandle=8074264149668862189, data={"activityOrder":{"tags":["activityRoundGroupBuyOrder"],"data":{"orderId":75572,"openCourseNum":70,"effectiveDay":280,"tag":"activityRoundGroupBuyOrder"}}}]
2020-03-15 19:30:11.925  INFO 28057 --- [MessageThread_1] p.a.s.ActivityCenterSubcribeListenerImpl : activityRoundGroupBuyOrder: CmqOrderModel:{
        "effectiveDay":280,
        "openCourseNum":70,
        "orderId":75572,
        "tag":"activityRoundGroupBuyOrder"
}
Hibernate: select activtiyce0_.id as id1_15_, activtiyce0_.acti_tag as acti_tag2_15_, activtiyce0_.activity_id as activity3_15_, activtiyce0_.activity_type as activity4_15_, activtiyce0_.class_id as class_id5_15_, activtiyce0_.create_time as create_t6_15_, activtiyce0_.dis_count_code as dis_coun7_15_, activtiyce0_.from_putao_id as from_put8_15_, activtiyce0_.goods_id as goods_id9_15_, activtiyce0_.group_id as group_i10_15_, activtiyce0_.open_id as open_id11_15_, activtiyce0_.order_id as order_i12_15_, activtiyce0_.pay_status as pay_sta13_15_, activtiyce0_.price as price14_15_, activtiyce0_.putao_id as putao_i15_15_, activtiyce0_.round_id as round_i16_15_, activtiyce0_.source as source17_15_, activtiyce0_.unit as unit18_15_, activtiyce0_.unit_adjustment_times as unit_ad19_15_, activtiyce0_.update_time as update_20_15_, activtiyce0_.user_phone as user_ph21_15_, activtiyce0_.zt_id as zt_id22_15_ from activtiy_center_order activtiyce0_ where activtiyce0_.order_id=? limit ?
2020-03-15 19:30:11.928 TRACE 28057 --- [MessageThread_1] o.h.type.descriptor.sql.BasicBinder      : binding parameter [1] as [INTEGER] - [75572]
Hibernate: select activityin0_.activity_id as activity1_7_0_, activityin0_.acti_msg_fixed as acti_msg2_7_0_, activityin0_.acti_msg_sms_record as acti_msg3_7_0_, activityin0_.acti_msg_wx_template_record as acti_msg4_7_0_, activityin0_.activity_name as activity5_7_0_, activityin0_.activity_type as activity6_7_0_, activityin0_.activity_url as activity7_7_0_, activityin0_.cash_condition as cash_con8_7_0_, activityin0_.conditions as conditio9_7_0_, activityin0_.create_by as create_10_7_0_, activityin0_.create_time as create_11_7_0_, activityin0_.goods_price as goods_p12_7_0_, activityin0_.if_renew as if_rene13_7_0_, activityin0_.if_return_cash as if_retu14_7_0_, activityin0_.package_id as package15_7_0_, activityin0_.package_name as package16_7_0_, activityin0_.package_type as package17_7_0_, activityin0_.personal_type as persona18_7_0_, activityin0_.prompt_info as prompt_19_7_0_, activityin0_.supple_id as supple_20_7_0_, activityin0_.teach_tool_goods_id as teach_t21_7_0_, activityin0_.unit as unit22_7_0_, activityin0_.update_by as update_23_7_0_, activityin0_.update_time as update_24_7_0_ from activity_info activityin0_ where activityin0_.activity_id=?
2020-03-15 19:30:11.947 TRACE 28057 --- [MessageThread_1] o.h.type.descriptor.sql.BasicBinder      : binding parameter [1] as [INTEGER] - [72]
2020-03-15 19:30:11.949  INFO 28057 --- [MessageThread_1] c.p.a.service.ActivityCommonService      : before changeSource
2020-03-15 19:30:11.954  INFO 28057 --- [MessageThread_1] c.p.a.service.ActivityCommonService      : 7081694954_1967.1374872222223
2020-03-15 19:30:13.492  INFO 28057 --- [nio-8789-exec-8] c.p.a.interceptor.CostInterceptor        : [URL]/course_v2/activityCenter/price/getGoodsListByClassId[PARAMS]uuid:10.10.38.141|;putaoid:|;sign:0579e80b2c2b6862510b3447d7678e4b|;ts:1584271814353|;from:weixin|;putaoId:|;token:|;source:androidNewParent|;sourceToken:|;classId:95|;tId:|;
2020-03-15 19:30:13.492  INFO 28057 --- [nio-8789-exec-8] c.p.a.interceptor.CostInterceptor        : [URL]: dev.putaoabc.net.cn/course_v2/activityCenter/price/getGoodsListByClassId?uuid=10.10.38.141&putaoid=&sign=0579e80b2c2b6862510b3447d7678e4b&ts=1584271814353&from=weixin&putaoId=&token=&source=androidNewParent&sourceToken=&classId=95&tId=&


